[0.812s] Invoking command in '/home/user/ros2_ws/src/robot_description': PYTHONPATH=/home/user/ros2_ws/install/robot_description/lib/python3.10/site-packages:${PYTHONPATH} _=/usr/bin/env /usr/bin/python3 setup.py egg_info --egg-base ../../build/robot_description build --build-base /home/user/ros2_ws/build/robot_description/build install --prefix /home/user/ros2_ws/install/robot_description --record /home/user/ros2_ws/build/robot_description/install.log --single-version-externally-managed
[1.120s] running egg_info
[1.121s] writing ../../build/robot_description/robot_description.egg-info/PKG-INFO
[1.121s] writing dependency_links to ../../build/robot_description/robot_description.egg-info/dependency_links.txt
[1.121s] writing entry points to ../../build/robot_description/robot_description.egg-info/entry_points.txt
[1.122s] writing requirements to ../../build/robot_description/robot_description.egg-info/requires.txt
[1.122s] writing top-level names to ../../build/robot_description/robot_description.egg-info/top_level.txt
[1.124s] reading manifest file '../../build/robot_description/robot_description.egg-info/SOURCES.txt'
[1.125s] writing manifest file '../../build/robot_description/robot_description.egg-info/SOURCES.txt'
[1.125s] running build
[1.125s] running build_py
[1.125s] running install
[1.125s] /usr/lib/python3/dist-packages/setuptools/command/install.py:34: SetuptoolsDeprecationWarning: setup.py install is deprecated. Use build and pip and other standards-based tools.
[1.125s]   warnings.warn(
[1.125s] running install_lib
[1.126s] running install_data
[1.127s] running install_egg_info
[1.128s] removing '/home/user/ros2_ws/install/robot_description/lib/python3.10/site-packages/robot_description-0.0.0-py3.10.egg-info' (and everything under it)
[1.129s] Copying ../../build/robot_description/robot_description.egg-info to /home/user/ros2_ws/install/robot_description/lib/python3.10/site-packages/robot_description-0.0.0-py3.10.egg-info
[1.130s] running install_scripts
[1.160s] writing list of installed files to '/home/user/ros2_ws/build/robot_description/install.log'
[1.189s] Invoked command in '/home/user/ros2_ws/src/robot_description' returned '0': PYTHONPATH=/home/user/ros2_ws/install/robot_description/lib/python3.10/site-packages:${PYTHONPATH} _=/usr/bin/env /usr/bin/python3 setup.py egg_info --egg-base ../../build/robot_description build --build-base /home/user/ros2_ws/build/robot_description/build install --prefix /home/user/ros2_ws/install/robot_description --record /home/user/ros2_ws/build/robot_description/install.log --single-version-externally-managed
