[0.881s] Invoking command in '/home/user/ros2_ws/src/robot_description': PYTHONPATH=/home/user/ros2_ws/install/robot_description/lib/python3.10/site-packages:${PYTHONPATH} _=/usr/bin/env /usr/bin/python3 setup.py egg_info --egg-base ../../build/robot_description build --build-base /home/user/ros2_ws/build/robot_description/build install --prefix /home/user/ros2_ws/install/robot_description --record /home/user/ros2_ws/build/robot_description/install.log --single-version-externally-managed
[1.223s] running egg_info
[1.224s] writing ../../build/robot_description/robot_description.egg-info/PKG-INFO
[1.224s] writing dependency_links to ../../build/robot_description/robot_description.egg-info/dependency_links.txt
[1.224s] writing entry points to ../../build/robot_description/robot_description.egg-info/entry_points.txt
[1.225s] writing requirements to ../../build/robot_description/robot_description.egg-info/requires.txt
[1.225s] writing top-level names to ../../build/robot_description/robot_description.egg-info/top_level.txt
[1.227s] reading manifest file '../../build/robot_description/robot_description.egg-info/SOURCES.txt'
[1.228s] writing manifest file '../../build/robot_description/robot_description.egg-info/SOURCES.txt'
[1.228s] running build
[1.228s] running build_py
[1.229s] running install
[1.229s] /usr/lib/python3/dist-packages/setuptools/command/install.py:34: SetuptoolsDeprecationWarning: setup.py install is deprecated. Use build and pip and other standards-based tools.
[1.229s]   warnings.warn(
[1.229s] running install_lib
[1.230s] running install_data
[1.231s] copying launch/spawn.launch.py -> /home/user/ros2_ws/install/robot_description/share/robot_description/launch
[1.231s] running install_egg_info
[1.234s] removing '/home/user/ros2_ws/install/robot_description/lib/python3.10/site-packages/robot_description-0.0.0-py3.10.egg-info' (and everything under it)
[1.234s] Copying ../../build/robot_description/robot_description.egg-info to /home/user/ros2_ws/install/robot_description/lib/python3.10/site-packages/robot_description-0.0.0-py3.10.egg-info
[1.236s] running install_scripts
[1.269s] writing list of installed files to '/home/user/ros2_ws/build/robot_description/install.log'
[1.300s] Invoked command in '/home/user/ros2_ws/src/robot_description' returned '0': PYTHONPATH=/home/user/ros2_ws/install/robot_description/lib/python3.10/site-packages:${PYTHONPATH} _=/usr/bin/env /usr/bin/python3 setup.py egg_info --egg-base ../../build/robot_description build --build-base /home/user/ros2_ws/build/robot_description/build install --prefix /home/user/ros2_ws/install/robot_description --record /home/user/ros2_ws/build/robot_description/install.log --single-version-externally-managed
