[0.599s] Invoking command in '/home/user/ros2_ws/src/robot_description': PYTHONPATH=/home/user/ros2_ws/install/robot_description/lib/python3.10/site-packages:${PYTHONPATH} _=/usr/bin/env /usr/bin/python3 setup.py egg_info --egg-base ../../build/robot_description build --build-base /home/user/ros2_ws/build/robot_description/build install --prefix /home/user/ros2_ws/install/robot_description --record /home/user/ros2_ws/build/robot_description/install.log --single-version-externally-managed
[0.840s] running egg_info
[0.841s] writing ../../build/robot_description/robot_description.egg-info/PKG-INFO
[0.841s] writing dependency_links to ../../build/robot_description/robot_description.egg-info/dependency_links.txt
[0.841s] writing entry points to ../../build/robot_description/robot_description.egg-info/entry_points.txt
[0.842s] writing requirements to ../../build/robot_description/robot_description.egg-info/requires.txt
[0.842s] writing top-level names to ../../build/robot_description/robot_description.egg-info/top_level.txt
[0.843s] reading manifest file '../../build/robot_description/robot_description.egg-info/SOURCES.txt'
[0.844s] writing manifest file '../../build/robot_description/robot_description.egg-info/SOURCES.txt'
[0.845s] running build
[0.845s] running build_py
[0.845s] running install
[0.845s] /usr/lib/python3/dist-packages/setuptools/command/install.py:34: SetuptoolsDeprecationWarning: setup.py install is deprecated. Use build and pip and other standards-based tools.
[0.845s]   warnings.warn(
[0.845s] running install_lib
[0.846s] running install_data
[0.847s] copying urdf/robot.urdf -> /home/user/ros2_ws/install/robot_description/share/robot_description/urdf
[0.847s] running install_egg_info
[0.848s] removing '/home/user/ros2_ws/install/robot_description/lib/python3.10/site-packages/robot_description-0.0.0-py3.10.egg-info' (and everything under it)
[0.848s] Copying ../../build/robot_description/robot_description.egg-info to /home/user/ros2_ws/install/robot_description/lib/python3.10/site-packages/robot_description-0.0.0-py3.10.egg-info
[0.849s] running install_scripts
[0.869s] writing list of installed files to '/home/user/ros2_ws/build/robot_description/install.log'
[0.892s] Invoked command in '/home/user/ros2_ws/src/robot_description' returned '0': PYTHONPATH=/home/user/ros2_ws/install/robot_description/lib/python3.10/site-packages:${PYTHONPATH} _=/usr/bin/env /usr/bin/python3 setup.py egg_info --egg-base ../../build/robot_description build --build-base /home/user/ros2_ws/build/robot_description/build install --prefix /home/user/ros2_ws/install/robot_description --record /home/user/ros2_ws/build/robot_description/install.log --single-version-externally-managed
