[0.617s] Invoking command in '/home/user/ros2_ws/src/robot_description': PYTHONPATH=/home/user/ros2_ws/install/robot_description/lib/python3.10/site-packages:${PYTHONPATH} _=/usr/bin/env /usr/bin/python3 setup.py egg_info --egg-base ../../build/robot_description build --build-base /home/user/ros2_ws/build/robot_description/build install --prefix /home/user/ros2_ws/install/robot_description --record /home/user/ros2_ws/build/robot_description/install.log --single-version-externally-managed
[0.847s] running egg_info
[0.848s] writing ../../build/robot_description/robot_description.egg-info/PKG-INFO
[0.848s] writing dependency_links to ../../build/robot_description/robot_description.egg-info/dependency_links.txt
[0.848s] writing entry points to ../../build/robot_description/robot_description.egg-info/entry_points.txt
[0.848s] writing requirements to ../../build/robot_description/robot_description.egg-info/requires.txt
[0.848s] writing top-level names to ../../build/robot_description/robot_description.egg-info/top_level.txt
[0.850s] reading manifest file '../../build/robot_description/robot_description.egg-info/SOURCES.txt'
[0.851s] writing manifest file '../../build/robot_description/robot_description.egg-info/SOURCES.txt'
[0.851s] running build
[0.851s] running build_py
[0.851s] running install
[0.851s] /usr/lib/python3/dist-packages/setuptools/command/install.py:34: SetuptoolsDeprecationWarning: setup.py install is deprecated. Use build and pip and other standards-based tools.
[0.851s]   warnings.warn(
[0.851s] running install_lib
[0.852s] running install_data
[0.853s] copying urdf/robot.urdf -> /home/user/ros2_ws/install/robot_description/share/robot_description/urdf
[0.853s] running install_egg_info
[0.855s] removing '/home/user/ros2_ws/install/robot_description/lib/python3.10/site-packages/robot_description-0.0.0-py3.10.egg-info' (and everything under it)
[0.855s] Copying ../../build/robot_description/robot_description.egg-info to /home/user/ros2_ws/install/robot_description/lib/python3.10/site-packages/robot_description-0.0.0-py3.10.egg-info
[0.856s] running install_scripts
[0.876s] writing list of installed files to '/home/user/ros2_ws/build/robot_description/install.log'
[0.899s] Invoked command in '/home/user/ros2_ws/src/robot_description' returned '0': PYTHONPATH=/home/user/ros2_ws/install/robot_description/lib/python3.10/site-packages:${PYTHONPATH} _=/usr/bin/env /usr/bin/python3 setup.py egg_info --egg-base ../../build/robot_description build --build-base /home/user/ros2_ws/build/robot_description/build install --prefix /home/user/ros2_ws/install/robot_description --record /home/user/ros2_ws/build/robot_description/install.log --single-version-externally-managed
