[0.446s] Invoking command in '/home/shreya/masterclass_construct/ros2_ws/src/robot_description': PYTHONPATH=/home/shreya/masterclass_construct/ros2_ws/build/robot_description/prefix_override:/usr/lib/python3/dist-packages/colcon_core/task/python/colcon_distutils_commands:/home/shreya/masterclass_construct/ros2_ws/install/robot_description/lib/python3.10/site-packages:${PYTHONPATH} /usr/bin/python3 -W ignore:setup.py install is deprecated -W ignore:easy_install command is deprecated setup.py egg_info --egg-base ../../build/robot_description build --build-base /home/shreya/masterclass_construct/ros2_ws/build/robot_description/build install --record /home/shreya/masterclass_construct/ros2_ws/build/robot_description/install.log --single-version-externally-managed install_data
[0.594s] running egg_info
[0.595s] writing ../../build/robot_description/robot_description.egg-info/PKG-INFO
[0.595s] writing dependency_links to ../../build/robot_description/robot_description.egg-info/dependency_links.txt
[0.595s] writing entry points to ../../build/robot_description/robot_description.egg-info/entry_points.txt
[0.595s] writing requirements to ../../build/robot_description/robot_description.egg-info/requires.txt
[0.595s] writing top-level names to ../../build/robot_description/robot_description.egg-info/top_level.txt
[0.596s] reading manifest file '../../build/robot_description/robot_description.egg-info/SOURCES.txt'
[0.596s] writing manifest file '../../build/robot_description/robot_description.egg-info/SOURCES.txt'
[0.596s] running build
[0.596s] running build_py
[0.596s] running install
[0.597s] running install_lib
[0.597s] running install_data
[0.597s] running install_egg_info
[0.598s] removing '/home/shreya/masterclass_construct/ros2_ws/install/robot_description/lib/python3.10/site-packages/robot_description-0.0.0-py3.10.egg-info' (and everything under it)
[0.598s] Copying ../../build/robot_description/robot_description.egg-info to /home/shreya/masterclass_construct/ros2_ws/install/robot_description/lib/python3.10/site-packages/robot_description-0.0.0-py3.10.egg-info
[0.599s] running install_scripts
[0.609s] writing list of installed files to '/home/shreya/masterclass_construct/ros2_ws/build/robot_description/install.log'
[0.621s] Invoked command in '/home/shreya/masterclass_construct/ros2_ws/src/robot_description' returned '0': PYTHONPATH=/home/shreya/masterclass_construct/ros2_ws/build/robot_description/prefix_override:/usr/lib/python3/dist-packages/colcon_core/task/python/colcon_distutils_commands:/home/shreya/masterclass_construct/ros2_ws/install/robot_description/lib/python3.10/site-packages:${PYTHONPATH} /usr/bin/python3 -W ignore:setup.py install is deprecated -W ignore:easy_install command is deprecated setup.py egg_info --egg-base ../../build/robot_description build --build-base /home/shreya/masterclass_construct/ros2_ws/build/robot_description/build install --record /home/shreya/masterclass_construct/ros2_ws/build/robot_description/install.log --single-version-externally-managed install_data
