[0.966s] Invoking command in '/home/user/ros2_ws/src/robot_description': PYTHONPATH=/home/user/ros2_ws/install/robot_description/lib/python3.10/site-packages:${PYTHONPATH} _=/usr/bin/env /usr/bin/python3 setup.py egg_info --egg-base ../../build/robot_description build --build-base /home/user/ros2_ws/build/robot_description/build install --prefix /home/user/ros2_ws/install/robot_description --record /home/user/ros2_ws/build/robot_description/install.log --single-version-externally-managed
[1.322s] running egg_info
[1.323s] writing ../../build/robot_description/robot_description.egg-info/PKG-INFO
[1.323s] writing dependency_links to ../../build/robot_description/robot_description.egg-info/dependency_links.txt
[1.323s] writing entry points to ../../build/robot_description/robot_description.egg-info/entry_points.txt
[1.323s] writing requirements to ../../build/robot_description/robot_description.egg-info/requires.txt
[1.323s] writing top-level names to ../../build/robot_description/robot_description.egg-info/top_level.txt
[1.326s] reading manifest file '../../build/robot_description/robot_description.egg-info/SOURCES.txt'
[1.327s] writing manifest file '../../build/robot_description/robot_description.egg-info/SOURCES.txt'
[1.327s] running build
[1.328s] running build_py
[1.328s] running install
[1.328s] /usr/lib/python3/dist-packages/setuptools/command/install.py:34: SetuptoolsDeprecationWarning: setup.py install is deprecated. Use build and pip and other standards-based tools.
[1.328s]   warnings.warn(
[1.328s] running install_lib
[1.329s] running install_data
[1.330s] copying launch/spawn.launch.py -> /home/user/ros2_ws/install/robot_description/share/robot_description/launch
[1.330s] running install_egg_info
[1.332s] removing '/home/user/ros2_ws/install/robot_description/lib/python3.10/site-packages/robot_description-0.0.0-py3.10.egg-info' (and everything under it)
[1.333s] Copying ../../build/robot_description/robot_description.egg-info to /home/user/ros2_ws/install/robot_description/lib/python3.10/site-packages/robot_description-0.0.0-py3.10.egg-info
[1.334s] running install_scripts
[1.366s] writing list of installed files to '/home/user/ros2_ws/build/robot_description/install.log'
[1.407s] Invoked command in '/home/user/ros2_ws/src/robot_description' returned '0': PYTHONPATH=/home/user/ros2_ws/install/robot_description/lib/python3.10/site-packages:${PYTHONPATH} _=/usr/bin/env /usr/bin/python3 setup.py egg_info --egg-base ../../build/robot_description build --build-base /home/user/ros2_ws/build/robot_description/build install --prefix /home/user/ros2_ws/install/robot_description --record /home/user/ros2_ws/build/robot_description/install.log --single-version-externally-managed
