[0.601s] Invoking command in '/home/user/ros2_ws/src/robot_description': PYTHONPATH=/home/user/ros2_ws/install/robot_description/lib/python3.10/site-packages:${PYTHONPATH} _=/usr/bin/env /usr/bin/python3 setup.py egg_info --egg-base ../../build/robot_description build --build-base /home/user/ros2_ws/build/robot_description/build install --prefix /home/user/ros2_ws/install/robot_description --record /home/user/ros2_ws/build/robot_description/install.log --single-version-externally-managed
[0.829s] running egg_info
[0.829s] writing ../../build/robot_description/robot_description.egg-info/PKG-INFO
[0.829s] writing dependency_links to ../../build/robot_description/robot_description.egg-info/dependency_links.txt
[0.830s] writing entry points to ../../build/robot_description/robot_description.egg-info/entry_points.txt
[0.830s] writing requirements to ../../build/robot_description/robot_description.egg-info/requires.txt
[0.830s] writing top-level names to ../../build/robot_description/robot_description.egg-info/top_level.txt
[0.831s] reading manifest file '../../build/robot_description/robot_description.egg-info/SOURCES.txt'
[0.832s] writing manifest file '../../build/robot_description/robot_description.egg-info/SOURCES.txt'
[0.832s] running build
[0.832s] running build_py
[0.832s] running install
[0.833s] /usr/lib/python3/dist-packages/setuptools/command/install.py:34: SetuptoolsDeprecationWarning: setup.py install is deprecated. Use build and pip and other standards-based tools.
[0.833s]   warnings.warn(
[0.833s] running install_lib
[0.834s] running install_data
[0.834s] copying package.xml -> /home/user/ros2_ws/install/robot_description/share/robot_description
[0.835s] running install_egg_info
[0.836s] removing '/home/user/ros2_ws/install/robot_description/lib/python3.10/site-packages/robot_description-0.0.0-py3.10.egg-info' (and everything under it)
[0.836s] Copying ../../build/robot_description/robot_description.egg-info to /home/user/ros2_ws/install/robot_description/lib/python3.10/site-packages/robot_description-0.0.0-py3.10.egg-info
[0.837s] running install_scripts
[0.858s] writing list of installed files to '/home/user/ros2_ws/build/robot_description/install.log'
[0.881s] Invoked command in '/home/user/ros2_ws/src/robot_description' returned '0': PYTHONPATH=/home/user/ros2_ws/install/robot_description/lib/python3.10/site-packages:${PYTHONPATH} _=/usr/bin/env /usr/bin/python3 setup.py egg_info --egg-base ../../build/robot_description build --build-base /home/user/ros2_ws/build/robot_description/build install --prefix /home/user/ros2_ws/install/robot_description --record /home/user/ros2_ws/build/robot_description/install.log --single-version-externally-managed
