[1.547s] Invoking command in '/home/user/ros2_ws/src/robot_description': PYTHONPATH=/home/user/ros2_ws/install/robot_description/lib/python3.10/site-packages:${PYTHONPATH} _=/usr/bin/env /usr/bin/python3 setup.py egg_info --egg-base ../../build/robot_description build --build-base /home/user/ros2_ws/build/robot_description/build install --prefix /home/user/ros2_ws/install/robot_description --record /home/user/ros2_ws/build/robot_description/install.log --single-version-externally-managed
[1.780s] running egg_info
[1.780s] creating ../../build/robot_description/robot_description.egg-info
[1.780s] writing ../../build/robot_description/robot_description.egg-info/PKG-INFO
[1.781s] writing dependency_links to ../../build/robot_description/robot_description.egg-info/dependency_links.txt
[1.781s] writing entry points to ../../build/robot_description/robot_description.egg-info/entry_points.txt
[1.781s] writing requirements to ../../build/robot_description/robot_description.egg-info/requires.txt
[1.781s] writing top-level names to ../../build/robot_description/robot_description.egg-info/top_level.txt
[1.781s] writing manifest file '../../build/robot_description/robot_description.egg-info/SOURCES.txt'
[1.782s] reading manifest file '../../build/robot_description/robot_description.egg-info/SOURCES.txt'
[1.783s] writing manifest file '../../build/robot_description/robot_description.egg-info/SOURCES.txt'
[1.783s] running build
[1.783s] running build_py
[1.783s] creating /home/user/ros2_ws/build/robot_description/build
[1.783s] creating /home/user/ros2_ws/build/robot_description/build/lib
[1.784s] creating /home/user/ros2_ws/build/robot_description/build/lib/robot_description
[1.784s] copying robot_description/__init__.py -> /home/user/ros2_ws/build/robot_description/build/lib/robot_description
[1.784s] running install
[1.784s] /usr/lib/python3/dist-packages/setuptools/command/install.py:34: SetuptoolsDeprecationWarning: setup.py install is deprecated. Use build and pip and other standards-based tools.
[1.784s]   warnings.warn(
[1.785s] running install_lib
[1.785s] creating /home/user/ros2_ws/install/robot_description/lib/python3.10/site-packages/robot_description
[1.785s] copying /home/user/ros2_ws/build/robot_description/build/lib/robot_description/__init__.py -> /home/user/ros2_ws/install/robot_description/lib/python3.10/site-packages/robot_description
[1.786s] byte-compiling /home/user/ros2_ws/install/robot_description/lib/python3.10/site-packages/robot_description/__init__.py to __init__.cpython-310.pyc
[1.787s] running install_data
[1.787s] creating /home/user/ros2_ws/install/robot_description/share/ament_index
[1.787s] creating /home/user/ros2_ws/install/robot_description/share/ament_index/resource_index
[1.787s] creating /home/user/ros2_ws/install/robot_description/share/ament_index/resource_index/packages
[1.787s] copying resource/robot_description -> /home/user/ros2_ws/install/robot_description/share/ament_index/resource_index/packages
[1.787s] copying package.xml -> /home/user/ros2_ws/install/robot_description/share/robot_description
[1.788s] creating /home/user/ros2_ws/install/robot_description/share/robot_description/urdf
[1.788s] copying urdf/robot.urdf -> /home/user/ros2_ws/install/robot_description/share/robot_description/urdf
[1.788s] creating /home/user/ros2_ws/install/robot_description/share/robot_description/launch
[1.788s] running install_egg_info
[1.789s] Copying ../../build/robot_description/robot_description.egg-info to /home/user/ros2_ws/install/robot_description/lib/python3.10/site-packages/robot_description-0.0.0-py3.10.egg-info
[1.790s] running install_scripts
[1.812s] writing list of installed files to '/home/user/ros2_ws/build/robot_description/install.log'
[1.838s] Invoked command in '/home/user/ros2_ws/src/robot_description' returned '0': PYTHONPATH=/home/user/ros2_ws/install/robot_description/lib/python3.10/site-packages:${PYTHONPATH} _=/usr/bin/env /usr/bin/python3 setup.py egg_info --egg-base ../../build/robot_description build --build-base /home/user/ros2_ws/build/robot_description/build install --prefix /home/user/ros2_ws/install/robot_description --record /home/user/ros2_ws/build/robot_description/install.log --single-version-externally-managed
